<?xml version="1.0" encoding="UTF-8"?>
<!-- Generated by org.testng.reporters.JUnitXMLReporter -->
<testsuite hostname="11600DS07251808" ignored="0" name="RestAssured Automation" tests="11" failures="0" timestamp="05 Aug 2022 14:14:21 GMT" time="22.99" errors="0">
  <testcase name="getBookingId" time="4.729" classname="RestAssuredAPI.TC001_Get_Request"/>
  <testcase name="createnewBook" time="1.611" classname="RestAssuredDataDrivenTesting.TC001_POST_Request_ReadDataFromExcel"/>
  <testcase name="createnewBook" time="1.318" classname="RestAssuredDataDrivenTesting.TC001_POST_Request_ReadDataFromExcel"/>
  <testcase name="createnewBook" time="1.606" classname="RestAssuredDataDrivenTesting.TC001_POST_Request_ReadDataFromExcel"/>
  <testcase name="createBook" time="3.45" classname="RestAssuredAPI.TC002_POST_Request"/>
  <testcase name="validateHeader" time="1.29" classname="RestAssuredAPI.TC003_Get_Request_HeaderValidation"/>
  <testcase name="getAllHeaders" time="1.227" classname="RestAssuredAPI.TC004_Get_Request_GetAllHeaders"/>
  <testcase name="validateResponsefields" time="1.36" classname="RestAssuredAPI.TC005_Get_Request_ValidateResponseFields"/>
  <testcase name="createDatausingDataProvider" time="1.2" classname="RestAssuredDataDrivenTesting.TC001_Post_Request_DataProvider"/>
  <testcase name="createDatausingDataProvider" time="1.33" classname="RestAssuredDataDrivenTesting.TC001_Post_Request_DataProvider"/>
  <testcase name="createDatausingDataProvider" time="1.281" classname="RestAssuredDataDrivenTesting.TC001_Post_Request_DataProvider"/>
</testsuite> <!-- RestAssured Automation -->
