<?xml version="1.0" encoding="UTF-8"?>
<testsuite xmlns:xsi="http://www.w3.org/2001/XMLSchema-instance" xsi:noNamespaceSchemaLocation="https://maven.apache.org/surefire/maven-surefire-plugin/xsd/surefire-test-report.xsd" name="TestSuite" time="24.79" tests="11" errors="0" skipped="0" failures="0">
  <properties>
[...]
</properties>
  <testcase name="getBookingId" classname="RestAssuredAPI.TC001_Get_Request" time="4.731"/>
  <testcase name="createnewBook" classname="RestAssuredDataDrivenTesting.TC001_POST_Request_ReadDataFromExcel" time="1.611"/>
  <testcase name="createnewBook" classname="RestAssuredDataDrivenTesting.TC001_POST_Request_ReadDataFromExcel" time="1.318"/>
  <testcase name="createnewBook" classname="RestAssuredDataDrivenTesting.TC001_POST_Request_ReadDataFromExcel" time="1.605"/>
  <testcase name="createBook" classname="RestAssuredAPI.TC002_POST_Request" time="3.45"/>
  <testcase name="validateHeader" classname="RestAssuredAPI.TC003_Get_Request_HeaderValidation" time="1.291"/>
  <testcase name="getAllHeaders" classname="RestAssuredAPI.TC004_Get_Request_GetAllHeaders" time="1.229"/>
  <testcase name="validateResponsefields" classname="RestAssuredAPI.TC005_Get_Request_ValidateResponseFields" time="1.359"/>
  <testcase name="createDatausingDataProvider" classname="RestAssuredDataDrivenTesting.TC001_Post_Request_DataProvider" time="1.202"/>
  <testcase name="createDatausingDataProvider" classname="RestAssuredDataDrivenTesting.TC001_Post_Request_DataProvider" time="1.33"/>
  <testcase name="createDatausingDataProvider" classname="RestAssuredDataDrivenTesting.TC001_Post_Request_DataProvider" time="1.282"/>
</testsuite>